[programareceitasocultas.com.br/receitas/index.html]
[cdn.utmify.com.br/scripts/pixel/pixel.js]
[backblue.gif]
[fade.gif]
[index.html]
[cdn.utmify.com.br/scripts/utms/latest.js]
[programareceitasocultas.com/wp-content/themes/hello-elementor/style.min55a0.css]
[programareceitasocultas.com/wp-content/themes/hello-elementor/theme.min55a0.css]
[programareceitasocultas.com/wp-content/themes/hello-elementor/header-footer.min55a0.css]
[programareceitasocultas.com/wp-content/uploads/elementor/css/custom-frontend.min4acf.css]
[programareceitasocultas.com/wp-content/uploads/elementor/css/post-74acf.css]
[programareceitasocultas.com/wp-content/plugins/elementor/assets/lib/swiper/v8/css/swiper.min94a4.css]
[programareceitasocultas.com/wp-content/plugins/elementor/assets/css/conditionals/e-swiper.min1ffb.css]
[programareceitasocultas.com/wp-content/plugins/elementor/assets/lib/font-awesome/css/all.min1ffb.css]
[programareceitasocultas.com/wp-content/plugins/elementor/assets/lib/font-awesome/css/v4-shims.min1ffb.css]
[programareceitasocultas.com/wp-content/uploads/elementor/css/custom-widget-icon-list.min4acf.css]
[programareceitasocultas.com/wp-content/plugins/elementor/assets/css/conditionals/shapes.min1ffb.css]
[programareceitasocultas.com/wp-content/plugins/elementor/assets/css/widget-heading.min1ffb.css]
[programareceitasocultas.com/wp-content/plugins/elementor/assets/css/widget-image.min1ffb.css]
[programareceitasocultas.com/wp-content/plugins/elementor/assets/css/widget-text-editor.min1ffb.css]
[programareceitasocultas.com/wp-content/uploads/elementor/css/custom-widget-image-box.min4acf.css]
[programareceitasocultas.com/wp-content/plugins/elementor/assets/css/widget-menu-anchor.min1ffb.css]
[programareceitasocultas.com/wp-content/plugins/elementor/assets/css/widget-spacer.min1ffb.css]
[programareceitasocultas.com/wp-content/uploads/elementor/css/post-1724178763.css]
[programareceitasocultas.com/wp-content/plugins/elementor/assets/lib/font-awesome/js/v4-shims.min1ffb.js]
[programareceitasocultas.com/wp-content/uploads/2023/11/20231122_230858_0000-e1700705931543.png]
[programareceitasocultas.com/wp-content/uploads/2024/02/guia-pratico-das-marmitas-saudaveis-768-×-250-px-1.png]
[programareceitasocultas.com/wp-content/uploads/2024/12/Design-sem-nome-15.png]
[programareceitasocultas.com/wp-content/uploads/2024/12/Design-sem-nome-16.png]
[programareceitasocultas.com/wp-content/uploads/2024/12/Design-sem-nome-17.png]
[programareceitasocultas.com/wp-content/uploads/2023/11/4_20231116_180920_0000.png]
[programareceitasocultas.com/wp-content/uploads/2024/02/Design-sem-nome.png]
[programareceitasocultas.com/wp-content/uploads/2023/11/6_20231116_180921_0002.png]
[programareceitasocultas.com/wp-content/uploads/2024/03/9-e1710207427860-768x603.png]
[programareceitasocultas.com/wp-content/uploads/2024/11/Design-sem-nome-5-768x603.png]
[programareceitasocultas.com/wp-content/uploads/2023/03/garantia-7-dias-programra-receitas-ocultas-removebg-preview.png]
[programareceitasocultas.com/wp-content/themes/hello-elementor/assets/js/hello-frontend.min55a0.js]
[programareceitasocultas.com/wp-content/plugins/elementor/assets/js/webpack.runtime.min1ffb.js]
[programareceitasocultas.com/wp-includes/js/jquery/jquery.minf43b.js]
[programareceitasocultas.com/wp-includes/js/jquery/jquery-migrate.min5589.js]
[programareceitasocultas.com/wp-content/plugins/elementor/assets/js/frontend-modules.min1ffb.js]
[programareceitasocultas.com/wp-includes/js/jquery/ui/core.minb37e.js]
[programareceitasocultas.com/wp-content/plugins/elementor/assets/js/frontend.min1ffb.js]
[programareceitasocultas.com.br/receitas/index.html]
[programareceitasocultas.com/wp-content/themes/hello-elementor/style.min55a0.css]
[programareceitasocultas.com/wp-content/themes/hello-elementor/theme.min55a0.css]
[programareceitasocultas.com/wp-content/themes/hello-elementor/header-footer.min55a0.css]
[programareceitasocultas.com/wp-content/uploads/elementor/css/custom-frontend.min4acf.css]
[programareceitasocultas.com/wp-content/uploads/elementor/css/post-74acf.css]
[programareceitasocultas.com/wp-content/plugins/elementor/assets/lib/swiper/v8/css/swiper.min94a4.css]
[programareceitasocultas.com/wp-content/plugins/elementor/assets/css/conditionals/e-swiper.min1ffb.css]
[programareceitasocultas.com/wp-content/plugins/elementor/assets/lib/font-awesome/css/all.min1ffb.css]
[programareceitasocultas.com/wp-content/plugins/elementor/assets/lib/font-awesome/css/v4-shims.min1ffb.css]
[programareceitasocultas.com/wp-content/uploads/elementor/css/custom-widget-icon-list.min4acf.css]
[programareceitasocultas.com/wp-content/plugins/elementor/assets/css/conditionals/shapes.min1ffb.css]
[programareceitasocultas.com/wp-content/plugins/elementor/assets/css/widget-heading.min1ffb.css]
[programareceitasocultas.com/wp-content/plugins/elementor/assets/css/widget-image.min1ffb.css]
[programareceitasocultas.com/wp-content/plugins/elementor/assets/css/widget-text-editor.min1ffb.css]
[programareceitasocultas.com/wp-content/uploads/elementor/css/custom-widget-image-box.min4acf.css]
[programareceitasocultas.com/wp-content/plugins/elementor/assets/css/widget-menu-anchor.min1ffb.css]
[programareceitasocultas.com/wp-content/plugins/elementor/assets/css/widget-spacer.min1ffb.css]
[programareceitasocultas.com/wp-content/uploads/elementor/css/post-1724178763.css]
[programareceitasocultas.com/wp-content/plugins/elementor/assets/lib/font-awesome/js/v4-shims.min1ffb.js]
[programareceitasocultas.com/wp-content/themes/hello-elementor/assets/js/hello-frontend.min55a0.js]
[programareceitasocultas.com/wp-content/plugins/elementor/assets/js/webpack.runtime.min1ffb.js]
[programareceitasocultas.com/wp-includes/js/jquery/jquery.minf43b.js]
[programareceitasocultas.com/wp-includes/js/jquery/jquery-migrate.min5589.js]
[programareceitasocultas.com/wp-content/plugins/elementor/assets/js/frontend-modules.min1ffb.js]
[programareceitasocultas.com/wp-includes/js/jquery/ui/core.minb37e.js]
[programareceitasocultas.com/cdn-cgi/scripts/7d0fa10a/cloudflare-static/rocket-loader.min.js]
[programareceitasocultas.com.br/receitas/-negative.28.delayed]
[programareceitasocultas.com/wp-content/plugins/elementor/assets/js/frontend.min1ffb.js]
[programareceitasocultas.com.br/receitas/Trident/index.html]
[programareceitasocultas.com.br/receitas/Trident/index.html]
[programareceitasocultas.com.br/receitas/-negative.html]
[programareceitasocultas.com.br/receitas/OPR/index.html]
[programareceitasocultas.com.br/receitas/OPR/index.html]
